Build started 12/18/2013 9:23:02 AM.
     1>Project "E:\HK3\LTHDT\TH\BT8\Cau_1\Cau_1\Cau_1.vcxproj" on node 2 (build target(s)).
     1>PrepareForBuild:
         Creating directory "E:\HK3\LTHDT\TH\BT8\Cau_1\Debug\".
       InitializeBuildStatus:
         Creating "Debug\Cau_1.unsuccessfulbuild" because "AlwaysCreate" was specified.
       ClCompile:
         C:\Program Files (x86)\Microsoft Visual Studio 10.0\VC\bin\CL.exe /c /ZI /nologo /W3 /WX- /Od /Oy- /D _MBCS /Gm /EHsc /RTC1 /MDd /GS /fp:precise /Zc:wchar_t /Zc:forScope /Fo"Debug\\" /Fd"Debug\vc100.pdb" /Gd /TP /analyze- /errorReport:prompt Cau_1.cpp Sach.cpp
         Sach.cpp
         Cau_1.cpp
         Generating Code...
       Link:
         C:\Program Files (x86)\Microsoft Visual Studio 10.0\VC\bin\link.exe /ERRORREPORT:PROMPT /OUT:"E:\HK3\LTHDT\TH\BT8\Cau_1\Debug\Cau_1.exe" /NOLOGO kernel32.lib user32.lib gdi32.lib winspool.lib comdlg32.lib advapi32.lib shell32.lib ole32.lib oleaut32.lib uuid.lib odbc32.lib odbccp32.lib /MANIFEST /ManifestFile:"Debug\Cau_1.exe.intermediate.manifest" /MANIFESTUAC:"level='asInvoker' uiAccess='false'" /DEBUG /PDB:"E:\HK3\LTHDT\TH\BT8\Cau_1\Debug\Cau_1.pdb" /TLBID:1 /DYNAMICBASE /NXCOMPAT /IMPLIB:"E:\HK3\LTHDT\TH\BT8\Cau_1\Debug\Cau_1.lib" /MACHINE:X86 Debug\Cau_1.obj
         Debug\Sach.obj
         Cau_1.vcxproj -> E:\HK3\LTHDT\TH\BT8\Cau_1\Debug\Cau_1.exe
       Manifest:
         C:\Program Files (x86)\Microsoft SDKs\Windows\v7.0A\bin\mt.exe /nologo /verbose /outputresource:"E:\HK3\LTHDT\TH\BT8\Cau_1\Debug\Cau_1.exe;#1" /manifest Debug\Cau_1.exe.intermediate.manifest
       FinalizeBuildStatus:
         Deleting file "Debug\Cau_1.unsuccessfulbuild".
         Touching "Debug\Cau_1.lastbuildstate".
     1>Done Building Project "E:\HK3\LTHDT\TH\BT8\Cau_1\Cau_1\Cau_1.vcxproj" (build target(s)).

Build succeeded.

Time Elapsed 00:00:03.95
