E:\CASTLEVANIA\CASTLEVANIA\DEBUG\THREEWATER.OBJ
E:\CASTLEVANIA\CASTLEVANIA\DEBUG\VAMPIREBAT.OBJ
E:\CASTLEVANIA\CASTLEVANIA\DEBUG\WATER.OBJ
E:\CASTLEVANIA\CASTLEVANIA\DEBUG\WEAPON.OBJ
E:\CASTLEVANIA\CASTLEVANIA\DEBUG\ZOMBIE.OBJ
E:\CASTLEVANIA\CASTLEVANIA\DEBUG\DYNAMICOBJECT.OBJ
E:\CASTLEVANIA\CASTLEVANIA\DEBUG\GAME.OBJ
E:\CASTLEVANIA\CASTLEVANIA\DEBUG\GLOBAL.OBJ
E:\CASTLEVANIA\CASTLEVANIA\DEBUG\MAIN.OBJ
E:\CASTLEVANIA\CASTLEVANIA\DEBUG\QNODE.OBJ
E:\CASTLEVANIA\CASTLEVANIA\DEBUG\GAMEOBJECT.OBJ
E:\CASTLEVANIA\CASTLEVANIA\DEBUG\SIMON.OBJ
E:\CASTLEVANIA\CASTLEVANIA\DEBUG\SINGLETON.OBJ
E:\CASTLEVANIA\CASTLEVANIA\DEBUG\CSPRITE.OBJ
E:\CASTLEVANIA\CASTLEVANIA\DEBUG\CTEXTURE.OBJ
E:\CASTLEVANIA\CASTLEVANIA\DEBUG\QBACKGROUND.OBJ
E:\CASTLEVANIA\CASTLEVANIA\DEBUG\TILE.OBJ
E:\CASTLEVANIA\CASTLEVANIA\DEBUG\LARGECANDLE.OBJ
E:\CASTLEVANIA\CASTLEVANIA\DEBUG\UTILS.OBJ
E:\CASTLEVANIA\CASTLEVANIA\DEBUG\BRICK.OBJ
E:\CASTLEVANIA\CASTLEVANIA\DEBUG\GAMESCORE.OBJ
E:\CASTLEVANIA\CASTLEVANIA\DEBUG\INTROGAME.OBJ
E:\CASTLEVANIA\CASTLEVANIA\DEBUG\LITTLESNAKE.OBJ
E:\CASTLEVANIA\CASTLEVANIA\DEBUG\LKRECT.OBJ
E:\CASTLEVANIA\CASTLEVANIA\DEBUG\MAGICALCRYSTAL.OBJ
E:\CASTLEVANIA\CASTLEVANIA\DEBUG\MEDUSA.OBJ
E:\CASTLEVANIA\CASTLEVANIA\DEBUG\MORNINGSTAR.OBJ
E:\CASTLEVANIA\CASTLEVANIA\DEBUG\MORNINGSTARSPRITE.OBJ
E:\CASTLEVANIA\CASTLEVANIA\DEBUG\MOVINGPLATFORM.OBJ
E:\CASTLEVANIA\CASTLEVANIA\DEBUG\OPENDOOR.OBJ
E:\CASTLEVANIA\CASTLEVANIA\DEBUG\PHANTOMBAT.OBJ
E:\CASTLEVANIA\CASTLEVANIA\DEBUG\QGAMEOBJECT.OBJ
E:\CASTLEVANIA\CASTLEVANIA\DEBUG\QUEENMEDUSA.OBJ
E:\CASTLEVANIA\CASTLEVANIA\DEBUG\SCENE.OBJ
E:\CASTLEVANIA\CASTLEVANIA\DEBUG\SCENEGAME.OBJ
E:\CASTLEVANIA\CASTLEVANIA\DEBUG\SCENEMAIN.OBJ
E:\CASTLEVANIA\CASTLEVANIA\DEBUG\SCENEMENU.OBJ
E:\CASTLEVANIA\CASTLEVANIA\DEBUG\SOUNDMANAGER.OBJ
E:\CASTLEVANIA\CASTLEVANIA\DEBUG\STAIR.OBJ
E:\CASTLEVANIA\CASTLEVANIA\DEBUG\STUPIDDOOR.OBJ
E:\CASTLEVANIA\CASTLEVANIA\DEBUG\AXE.OBJ
E:\CASTLEVANIA\CASTLEVANIA\DEBUG\BLACKKNIGHT.OBJ
E:\CASTLEVANIA\CASTLEVANIA\DEBUG\BLACKLEOPARD.OBJ
E:\CASTLEVANIA\CASTLEVANIA\DEBUG\BOOMERANG.OBJ
E:\CASTLEVANIA\CASTLEVANIA\DEBUG\CANDLE.OBJ
E:\CASTLEVANIA\CASTLEVANIA\DEBUG\CASTLEGATE.OBJ
E:\CASTLEVANIA\CASTLEVANIA\DEBUG\CAUDIO.OBJ
E:\CASTLEVANIA\CASTLEVANIA\DEBUG\CCAMERA.OBJ
E:\CASTLEVANIA\CASTLEVANIA\DEBUG\DAGGER.OBJ
E:\CASTLEVANIA\CASTLEVANIA\DEBUG\DOOR.OBJ
E:\CASTLEVANIA\CASTLEVANIA\DEBUG\DRAGONSKULLCANNON.OBJ
E:\CASTLEVANIA\CASTLEVANIA\DEBUG\DSUTIL.OBJ
E:\CASTLEVANIA\CASTLEVANIA\DEBUG\FIREBALL.OBJ
E:\CASTLEVANIA\CASTLEVANIA\DEBUG\FIREBOMB.OBJ
E:\CASTLEVANIA\CASTLEVANIA\DEBUG\FIREDIE.OBJ
E:\CASTLEVANIA\CASTLEVANIA\DEBUG\FISHMAN.OBJ
E:\CASTLEVANIA\CASTLEVANIA\DEBUG\FONT.OBJ
E:\CASTLEVANIA\CASTLEVANIA\DEBUG\VC110.PDB
E:\CASTLEVANIA\DEBUG\CASTLEVANIA.ILK
E:\CASTLEVANIA\DEBUG\CASTLEVANIA.EXE
E:\CASTLEVANIA\DEBUG\CASTLEVANIA.PDB
E:\CastleVania\CastleVania\Debug\Axe.obj
E:\CastleVania\CastleVania\Debug\BlackKnight.obj
E:\CastleVania\CastleVania\Debug\BlackLeopard.obj
E:\CastleVania\CastleVania\Debug\Boomerang.obj
E:\CastleVania\CastleVania\Debug\Brick.obj
E:\CastleVania\CastleVania\Debug\Candle.obj
E:\CastleVania\CastleVania\Debug\CastleGate.obj
E:\CastleVania\CastleVania\Debug\CAudio.obj
E:\CastleVania\CastleVania\Debug\CCamera.obj
E:\CastleVania\CastleVania\Debug\CSprite.obj
E:\CastleVania\CastleVania\Debug\CTexture.obj
E:\CastleVania\CastleVania\Debug\Dagger.obj
E:\CastleVania\CastleVania\Debug\Door.obj
E:\CastleVania\CastleVania\Debug\DragonSkullCannon.obj
E:\CastleVania\CastleVania\Debug\dsutil.obj
E:\CastleVania\CastleVania\Debug\DynamicObject.obj
E:\CastleVania\CastleVania\Debug\FireBall.obj
E:\CastleVania\CastleVania\Debug\FireBomb.obj
E:\CastleVania\CastleVania\Debug\FireDie.obj
E:\CastleVania\CastleVania\Debug\FishMan.obj
E:\CastleVania\CastleVania\Debug\Font.obj
E:\CastleVania\CastleVania\Debug\Game.obj
E:\CastleVania\CastleVania\Debug\GameObject.obj
E:\CastleVania\CastleVania\Debug\GameScore.obj
E:\CastleVania\CastleVania\Debug\Global.obj
E:\CastleVania\CastleVania\Debug\IntroGame.obj
E:\CastleVania\CastleVania\Debug\LargeCandle.obj
E:\CastleVania\CastleVania\Debug\LittleSnake.obj
E:\CastleVania\CastleVania\Debug\LKRect.obj
E:\CastleVania\CastleVania\Debug\MagicalCrystal.obj
E:\CastleVania\CastleVania\Debug\main.obj
E:\CastleVania\CastleVania\Debug\Medusa.obj
E:\CastleVania\CastleVania\Debug\MorningStar.obj
E:\CastleVania\CastleVania\Debug\MorningStarSprite.obj
E:\CastleVania\CastleVania\Debug\MovingPlatform.obj
E:\CastleVania\CastleVania\Debug\OpenDoor.obj
E:\CastleVania\CastleVania\Debug\PhantomBat.obj
E:\CastleVania\CastleVania\Debug\QBackground.obj
E:\CastleVania\CastleVania\Debug\QGameObject.obj
E:\CastleVania\CastleVania\Debug\QNode.obj
E:\CastleVania\CastleVania\Debug\QueenMedusa.obj
E:\CastleVania\CastleVania\Debug\Scene.obj
E:\CastleVania\CastleVania\Debug\SceneGame.obj
E:\CastleVania\CastleVania\Debug\SceneMain.obj
E:\CastleVania\CastleVania\Debug\SceneMenu.obj
E:\CastleVania\CastleVania\Debug\Simon.obj
E:\CastleVania\CastleVania\Debug\Singleton.obj
E:\CastleVania\CastleVania\Debug\SoundManager.obj
E:\CastleVania\CastleVania\Debug\Stair.obj
E:\CastleVania\CastleVania\Debug\StupidDoor.obj
E:\CastleVania\CastleVania\Debug\ThreeWater.obj
E:\CastleVania\CastleVania\Debug\Tile.obj
E:\CastleVania\CastleVania\Debug\Utils.obj
E:\CastleVania\CastleVania\Debug\VampireBat.obj
E:\CastleVania\CastleVania\Debug\Water.obj
E:\CastleVania\CastleVania\Debug\Weapon.obj
E:\CastleVania\CastleVania\Debug\Zombie.obj
E:\CastleVania\CastleVania\Debug\cl.command.1.tlog
E:\CastleVania\CastleVania\Debug\CL.read.1.tlog
E:\CastleVania\CastleVania\Debug\CL.write.1.tlog
E:\CastleVania\CastleVania\Debug\link-cvtres.read.1.tlog
E:\CastleVania\CastleVania\Debug\link-cvtres.write.1.tlog
E:\CastleVania\CastleVania\Debug\link-rc.read.1.tlog
E:\CastleVania\CastleVania\Debug\link-rc.write.1.tlog
E:\CastleVania\CastleVania\Debug\link.4908-cvtres.read.1.tlog
E:\CastleVania\CastleVania\Debug\link.4908-cvtres.write.1.tlog
E:\CastleVania\CastleVania\Debug\link.4908-rc.read.1.tlog
E:\CastleVania\CastleVania\Debug\link.4908-rc.write.1.tlog
E:\CastleVania\CastleVania\Debug\link.4908.read.1.tlog
E:\CastleVania\CastleVania\Debug\link.4908.write.1.tlog
E:\CastleVania\CastleVania\Debug\link.command.1.tlog
E:\CastleVania\CastleVania\Debug\link.read.1.tlog
E:\CastleVania\CastleVania\Debug\link.write.1.tlog
E:\CastleVania\CastleVania\Debug\vc110.idb
E:\CastleVania\CastleVania\Debug\vc110.pdb
E:\CastleVania\Debug\CastleVania.pdb
E:\CastleVania\Debug\CastleVania.exe
E:\CastleVania\Debug\CastleVania.ilk
