c:\users\siuit\desktop\mario3_v8.8\demosample\demosample\debug\vc140.pdb
c:\users\siuit\desktop\mario3_v8.8\demosample\demosample\debug\vc140.idb
c:\users\siuit\desktop\mario3_v8.8\demosample\demosample\debug\gamemario.obj
c:\users\siuit\desktop\mario3_v8.8\demosample\demosample\debug\imageeffect.obj
c:\users\siuit\desktop\mario3_v8.8\demosample\demosample\debug\mario.obj
c:\users\siuit\desktop\mario3_v8.8\demosample\demosample\debug\movableobject.obj
c:\users\siuit\desktop\mario3_v8.8\demosample\demosample\debug\globalobject.obj
c:\users\siuit\desktop\mario3_v8.8\demosample\demosample\debug\input.obj
c:\users\siuit\desktop\mario3_v8.8\demosample\demosample\debug\main.obj
c:\users\siuit\desktop\mario3_v8.8\demosample\demosample\debug\myrectangle.obj
c:\users\siuit\desktop\mario3_v8.8\demosample\demosample\debug\namenemy.obj
c:\users\siuit\desktop\mario3_v8.8\demosample\demosample\debug\namitem.obj
c:\users\siuit\desktop\mario3_v8.8\demosample\demosample\debug\odauhoi.obj
c:\users\siuit\desktop\mario3_v8.8\demosample\demosample\debug\ongnuoc.obj
c:\users\siuit\desktop\mario3_v8.8\demosample\demosample\debug\quadtree.obj
c:\users\siuit\desktop\mario3_v8.8\demosample\demosample\debug\redfireplant.obj
c:\users\siuit\desktop\mario3_v8.8\demosample\demosample\debug\resource.obj
c:\users\siuit\desktop\mario3_v8.8\demosample\demosample\debug\soundmanager.obj
c:\users\siuit\desktop\mario3_v8.8\demosample\demosample\debug\sprite.obj
c:\users\siuit\desktop\mario3_v8.8\demosample\demosample\debug\turtle.obj
c:\users\siuit\desktop\mario3_v8.8\demosample\demosample\debug\viengachvo.obj
c:\users\siuit\desktop\mario3_v8.8\demosample\demosample\debug\world.obj
c:\users\siuit\desktop\mario3_v8.8\demosample\demosample\debug\basicobject.obj
c:\users\siuit\desktop\mario3_v8.8\demosample\demosample\debug\box.obj
c:\users\siuit\desktop\mario3_v8.8\demosample\demosample\debug\boxstair.obj
c:\users\siuit\desktop\mario3_v8.8\demosample\demosample\debug\caudio.obj
c:\users\siuit\desktop\mario3_v8.8\demosample\demosample\debug\chiecla.obj
c:\users\siuit\desktop\mario3_v8.8\demosample\demosample\debug\chup.obj
c:\users\siuit\desktop\mario3_v8.8\demosample\demosample\debug\chup_off.obj
c:\users\siuit\desktop\mario3_v8.8\demosample\demosample\debug\dongtien.obj
c:\users\siuit\desktop\mario3_v8.8\demosample\demosample\debug\dsutil.obj
c:\users\siuit\desktop\mario3_v8.8\demosample\demosample\debug\dxerr.obj
c:\users\siuit\desktop\mario3_v8.8\demosample\demosample\debug\endbox.obj
c:\users\siuit\desktop\mario3_v8.8\demosample\demosample\debug\firebullet.obj
c:\users\siuit\desktop\mario3_v8.8\demosample\demosample\debug\gach.obj
c:\users\siuit\desktop\mario3_v8.8\demosample\demosample\debug\game.obj
c:\users\siuit\desktop\mario3_v8.8\demosample\demosample\debug\gameinformation.obj
c:\users\siuit\desktop\mario3_v8.8\demosample\debug\demosample.ilk
c:\users\siuit\desktop\mario3_v8.8\demosample\debug\demosample.exe
c:\users\siuit\desktop\mario3_v8.8\demosample\debug\demosample.pdb
c:\users\siuit\desktop\mario3_v8.8\demosample\demosample\debug\demosample.res
c:\users\siuit\desktop\mario3_v8.8\demosample\demosample\debug\demosample.tlog\cl.command.1.tlog
c:\users\siuit\desktop\mario3_v8.8\demosample\demosample\debug\demosample.tlog\cl.read.1.tlog
c:\users\siuit\desktop\mario3_v8.8\demosample\demosample\debug\demosample.tlog\cl.write.1.tlog
c:\users\siuit\desktop\mario3_v8.8\demosample\demosample\debug\demosample.tlog\link.command.1.tlog
c:\users\siuit\desktop\mario3_v8.8\demosample\demosample\debug\demosample.tlog\link.read.1.tlog
c:\users\siuit\desktop\mario3_v8.8\demosample\demosample\debug\demosample.tlog\link.write.1.tlog
c:\users\siuit\desktop\mario3_v8.8\demosample\demosample\debug\demosample.tlog\rc.command.1.tlog
c:\users\siuit\desktop\mario3_v8.8\demosample\demosample\debug\demosample.tlog\rc.read.1.tlog
c:\users\siuit\desktop\mario3_v8.8\demosample\demosample\debug\demosample.tlog\rc.write.1.tlog
