Build started 7/30/2015 11:33:04 PM.
     1>Project "E:\HK5\[Closed]NMPT Game\Game tham khao\CastleVania-22.8-v6(Semi Final)\CastleVania\CastleVania.vcxproj" on node 2 (Build target(s)).
     1>ClCompile:
         C:\Program Files (x86)\Microsoft Visual Studio 12.0\VC\bin\CL.exe /c /ZI /nologo /W3 /WX- /sdl /Od /Oy- /D WIN32 /D _DEBUG /D _WINDOWS /D _CRT_SECURE_NO_WARNINGS /D _MBCS /Gm /EHsc /RTC1 /MDd /GS /fp:precise /Zc:wchar_t /Zc:forScope /Fo"Debug\\" /Fd"Debug\vc120.pdb" /Gd /TP /analyze- /errorReport:prompt Axe.cpp BlackKnight.cpp BlackLeopard.cpp Boomerang.cpp Candle.cpp CastleGate.cpp CAudio.cpp CCamera.cpp Dagger.cpp Door.cpp DragonSkullCannon.cpp dsutil.cpp EndGameScene.cpp FallingCastle.cpp FireBall.cpp FireBomb.cpp FireDie.cpp FishMan.cpp Font.cpp GameScore.cpp IntroGame.cpp Lake.cpp LittleSnake.cpp LKRect.cpp MagicalCrystal.cpp Medusa.cpp MorningStar.cpp MorningStarSprite.cpp MovingPlatform.cpp OpenDoor.cpp PhantomBat.cpp QGameObject.cpp QueenMedusa.cpp Scene.cpp SceneGame.cpp SceneMain.cpp SceneMenu.cpp SoundManager.cpp Stair.cpp StupidDoor.cpp ThreeWater.cpp VampireBat.cpp Water.cpp Weapon.cpp Zombie.cpp DynamicObject.cpp Game.cpp Global.cpp main.cpp QNode.cpp GameObject.cpp Simon.cpp Singleton.cpp CSprite.cpp CTexture.cpp QBackground.cpp Tile.cpp LargeCandle.cpp Utils.cpp Brick.cpp
         Brick.cpp
     1>e:\hk5\[closed]nmpt game\game tham khao\castlevania-22.8-v6(semi final)\castlevania\csprite.h(5): fatal error C1083: Cannot open include file: 'd3dx9.h': No such file or directory
         Utils.cpp
     1>e:\hk5\[closed]nmpt game\game tham khao\castlevania-22.8-v6(semi final)\castlevania\utils.cpp(1): fatal error C1083: Cannot open include file: 'd3dx9.h': No such file or directory
         LargeCandle.cpp
     1>e:\hk5\[closed]nmpt game\game tham khao\castlevania-22.8-v6(semi final)\castlevania\csprite.h(5): fatal error C1083: Cannot open include file: 'd3dx9.h': No such file or directory
         Tile.cpp
         QBackground.cpp
     1>e:\hk5\[closed]nmpt game\game tham khao\castlevania-22.8-v6(semi final)\castlevania\ctexture.h(5): fatal error C1083: Cannot open include file: 'd3dx9.h': No such file or directory
         CTexture.cpp
     1>e:\hk5\[closed]nmpt game\game tham khao\castlevania-22.8-v6(semi final)\castlevania\ctexture.h(5): fatal error C1083: Cannot open include file: 'd3dx9.h': No such file or directory
         CSprite.cpp
     1>e:\hk5\[closed]nmpt game\game tham khao\castlevania-22.8-v6(semi final)\castlevania\csprite.h(5): fatal error C1083: Cannot open include file: 'd3dx9.h': No such file or directory
         Singleton.cpp
     1>e:\hk5\[closed]nmpt game\game tham khao\castlevania-22.8-v6(semi final)\castlevania\ctexture.h(5): fatal error C1083: Cannot open include file: 'd3dx9.h': No such file or directory
         Simon.cpp
     1>e:\hk5\[closed]nmpt game\game tham khao\castlevania-22.8-v6(semi final)\castlevania\csprite.h(5): fatal error C1083: Cannot open include file: 'd3dx9.h': No such file or directory
         GameObject.cpp
     1>e:\hk5\[closed]nmpt game\game tham khao\castlevania-22.8-v6(semi final)\castlevania\csprite.h(5): fatal error C1083: Cannot open include file: 'd3dx9.h': No such file or directory
         QNode.cpp
         main.cpp
     1>e:\hk5\[closed]nmpt game\game tham khao\castlevania-22.8-v6(semi final)\castlevania\global.h(15): fatal error C1083: Cannot open include file: 'd3dx9.h': No such file or directory
         Global.cpp
     1>e:\hk5\[closed]nmpt game\game tham khao\castlevania-22.8-v6(semi final)\castlevania\global.h(15): fatal error C1083: Cannot open include file: 'd3dx9.h': No such file or directory
         Game.cpp
     1>e:\hk5\[closed]nmpt game\game tham khao\castlevania-22.8-v6(semi final)\castlevania\global.h(15): fatal error C1083: Cannot open include file: 'd3dx9.h': No such file or directory
         DynamicObject.cpp
     1>e:\hk5\[closed]nmpt game\game tham khao\castlevania-22.8-v6(semi final)\castlevania\csprite.h(5): fatal error C1083: Cannot open include file: 'd3dx9.h': No such file or directory
         Zombie.cpp
     1>e:\hk5\[closed]nmpt game\game tham khao\castlevania-22.8-v6(semi final)\castlevania\csprite.h(5): fatal error C1083: Cannot open include file: 'd3dx9.h': No such file or directory
         Weapon.cpp
     1>e:\hk5\[closed]nmpt game\game tham khao\castlevania-22.8-v6(semi final)\castlevania\csprite.h(5): fatal error C1083: Cannot open include file: 'd3dx9.h': No such file or directory
         Water.cpp
     1>e:\hk5\[closed]nmpt game\game tham khao\castlevania-22.8-v6(semi final)\castlevania\csprite.h(5): fatal error C1083: Cannot open include file: 'd3dx9.h': No such file or directory
         VampireBat.cpp
     1>e:\hk5\[closed]nmpt game\game tham khao\castlevania-22.8-v6(semi final)\castlevania\csprite.h(5): fatal error C1083: Cannot open include file: 'd3dx9.h': No such file or directory
         ThreeWater.cpp
     1>e:\hk5\[closed]nmpt game\game tham khao\castlevania-22.8-v6(semi final)\castlevania\csprite.h(5): fatal error C1083: Cannot open include file: 'd3dx9.h': No such file or directory
         Generating Code...
         Compiling...
         StupidDoor.cpp
     1>e:\hk5\[closed]nmpt game\game tham khao\castlevania-22.8-v6(semi final)\castlevania\csprite.h(5): fatal error C1083: Cannot open include file: 'd3dx9.h': No such file or directory
         Stair.cpp
     1>e:\hk5\[closed]nmpt game\game tham khao\castlevania-22.8-v6(semi final)\castlevania\csprite.h(5): fatal error C1083: Cannot open include file: 'd3dx9.h': No such file or directory
         SoundManager.cpp
     1>e:\hk5\[closed]nmpt game\game tham khao\castlevania-22.8-v6(semi final)\castlevania\global.h(15): fatal error C1083: Cannot open include file: 'd3dx9.h': No such file or directory
         SceneMenu.cpp
     1>e:\hk5\[closed]nmpt game\game tham khao\castlevania-22.8-v6(semi final)\castlevania\scene.h(4): fatal error C1083: Cannot open include file: 'd3dx9.h': No such file or directory
         SceneMain.cpp
     1>e:\hk5\[closed]nmpt game\game tham khao\castlevania-22.8-v6(semi final)\castlevania\global.h(15): fatal error C1083: Cannot open include file: 'd3dx9.h': No such file or directory
         SceneGame.cpp
     1>e:\hk5\[closed]nmpt game\game tham khao\castlevania-22.8-v6(semi final)\castlevania\ctexture.h(5): fatal error C1083: Cannot open include file: 'd3dx9.h': No such file or directory
         Scene.cpp
     1>e:\hk5\[closed]nmpt game\game tham khao\castlevania-22.8-v6(semi final)\castlevania\scene.h(4): fatal error C1083: Cannot open include file: 'd3dx9.h': No such file or directory
         QueenMedusa.cpp
     1>e:\hk5\[closed]nmpt game\game tham khao\castlevania-22.8-v6(semi final)\castlevania\csprite.h(5): fatal error C1083: Cannot open include file: 'd3dx9.h': No such file or directory
         QGameObject.cpp
     1>e:\hk5\[closed]nmpt game\game tham khao\castlevania-22.8-v6(semi final)\castlevania\ctexture.h(5): fatal error C1083: Cannot open include file: 'd3dx9.h': No such file or directory
         PhantomBat.cpp
     1>e:\hk5\[closed]nmpt game\game tham khao\castlevania-22.8-v6(semi final)\castlevania\csprite.h(5): fatal error C1083: Cannot open include file: 'd3dx9.h': No such file or directory
         OpenDoor.cpp
     1>e:\hk5\[closed]nmpt game\game tham khao\castlevania-22.8-v6(semi final)\castlevania\csprite.h(5): fatal error C1083: Cannot open include file: 'd3dx9.h': No such file or directory
         MovingPlatform.cpp
     1>e:\hk5\[closed]nmpt game\game tham khao\castlevania-22.8-v6(semi final)\castlevania\csprite.h(5): fatal error C1083: Cannot open include file: 'd3dx9.h': No such file or directory
         MorningStarSprite.cpp
     1>e:\hk5\[closed]nmpt game\game tham khao\castlevania-22.8-v6(semi final)\castlevania\csprite.h(5): fatal error C1083: Cannot open include file: 'd3dx9.h': No such file or directory
         MorningStar.cpp
     1>e:\hk5\[closed]nmpt game\game tham khao\castlevania-22.8-v6(semi final)\castlevania\csprite.h(5): fatal error C1083: Cannot open include file: 'd3dx9.h': No such file or directory
         Medusa.cpp
     1>e:\hk5\[closed]nmpt game\game tham khao\castlevania-22.8-v6(semi final)\castlevania\csprite.h(5): fatal error C1083: Cannot open include file: 'd3dx9.h': No such file or directory
         MagicalCrystal.cpp
     1>e:\hk5\[closed]nmpt game\game tham khao\castlevania-22.8-v6(semi final)\castlevania\csprite.h(5): fatal error C1083: Cannot open include file: 'd3dx9.h': No such file or directory
         LKRect.cpp
         c:\program files (x86)\windows kits\8.1\include\um\dinput.h: DIRECTINPUT_VERSION undefined. Defaulting to version 0x0800
     1>e:\hk5\[closed]nmpt game\game tham khao\castlevania-22.8-v6(semi final)\castlevania\lkrect.cpp(19): warning C4244: 'initializing' : conversion from 'float' to 'int', possible loss of data
     1>e:\hk5\[closed]nmpt game\game tham khao\castlevania-22.8-v6(semi final)\castlevania\lkrect.cpp(20): warning C4244: 'initializing' : conversion from 'float' to 'int', possible loss of data
     1>e:\hk5\[closed]nmpt game\game tham khao\castlevania-22.8-v6(semi final)\castlevania\lkrect.cpp(21): warning C4244: 'initializing' : conversion from 'float' to 'int', possible loss of data
     1>e:\hk5\[closed]nmpt game\game tham khao\castlevania-22.8-v6(semi final)\castlevania\lkrect.cpp(22): warning C4244: 'initializing' : conversion from 'float' to 'int', possible loss of data
     1>e:\hk5\[closed]nmpt game\game tham khao\castlevania-22.8-v6(semi final)\castlevania\lkrect.cpp(23): warning C4244: 'initializing' : conversion from 'float' to 'int', possible loss of data
     1>e:\hk5\[closed]nmpt game\game tham khao\castlevania-22.8-v6(semi final)\castlevania\lkrect.cpp(24): warning C4244: 'initializing' : conversion from 'float' to 'int', possible loss of data
     1>e:\hk5\[closed]nmpt game\game tham khao\castlevania-22.8-v6(semi final)\castlevania\lkrect.cpp(25): warning C4244: 'initializing' : conversion from 'float' to 'int', possible loss of data
     1>e:\hk5\[closed]nmpt game\game tham khao\castlevania-22.8-v6(semi final)\castlevania\lkrect.cpp(26): warning C4244: 'initializing' : conversion from 'float' to 'int', possible loss of data
     1>e:\hk5\[closed]nmpt game\game tham khao\castlevania-22.8-v6(semi final)\castlevania\lkrect.cpp(38): warning C4244: '=' : conversion from 'float' to 'LONG', possible loss of data
     1>e:\hk5\[closed]nmpt game\game tham khao\castlevania-22.8-v6(semi final)\castlevania\lkrect.cpp(39): warning C4244: '=' : conversion from 'float' to 'LONG', possible loss of data
     1>e:\hk5\[closed]nmpt game\game tham khao\castlevania-22.8-v6(semi final)\castlevania\lkrect.cpp(40): warning C4244: '=' : conversion from 'float' to 'LONG', possible loss of data
     1>e:\hk5\[closed]nmpt game\game tham khao\castlevania-22.8-v6(semi final)\castlevania\lkrect.cpp(41): warning C4244: '=' : conversion from 'float' to 'LONG', possible loss of data
         LittleSnake.cpp
     1>e:\hk5\[closed]nmpt game\game tham khao\castlevania-22.8-v6(semi final)\castlevania\csprite.h(5): fatal error C1083: Cannot open include file: 'd3dx9.h': No such file or directory
         Lake.cpp
     1>e:\hk5\[closed]nmpt game\game tham khao\castlevania-22.8-v6(semi final)\castlevania\csprite.h(5): fatal error C1083: Cannot open include file: 'd3dx9.h': No such file or directory
         IntroGame.cpp
     1>e:\hk5\[closed]nmpt game\game tham khao\castlevania-22.8-v6(semi final)\castlevania\ctexture.h(5): fatal error C1083: Cannot open include file: 'd3dx9.h': No such file or directory
         Generating Code...
         Compiling...
         GameScore.cpp
     1>e:\hk5\[closed]nmpt game\game tham khao\castlevania-22.8-v6(semi final)\castlevania\csprite.h(5): fatal error C1083: Cannot open include file: 'd3dx9.h': No such file or directory
         Font.cpp
     1>e:\hk5\[closed]nmpt game\game tham khao\castlevania-22.8-v6(semi final)\castlevania\font.h(4): fatal error C1083: Cannot open include file: 'd3dx9.h': No such file or directory
         FishMan.cpp
     1>e:\hk5\[closed]nmpt game\game tham khao\castlevania-22.8-v6(semi final)\castlevania\csprite.h(5): fatal error C1083: Cannot open include file: 'd3dx9.h': No such file or directory
         FireDie.cpp
     1>e:\hk5\[closed]nmpt game\game tham khao\castlevania-22.8-v6(semi final)\castlevania\csprite.h(5): fatal error C1083: Cannot open include file: 'd3dx9.h': No such file or directory
         FireBomb.cpp
     1>e:\hk5\[closed]nmpt game\game tham khao\castlevania-22.8-v6(semi final)\castlevania\csprite.h(5): fatal error C1083: Cannot open include file: 'd3dx9.h': No such file or directory
         FireBall.cpp
     1>e:\hk5\[closed]nmpt game\game tham khao\castlevania-22.8-v6(semi final)\castlevania\csprite.h(5): fatal error C1083: Cannot open include file: 'd3dx9.h': No such file or directory
         FallingCastle.cpp
     1>e:\hk5\[closed]nmpt game\game tham khao\castlevania-22.8-v6(semi final)\castlevania\csprite.h(5): fatal error C1083: Cannot open include file: 'd3dx9.h': No such file or directory
         EndGameScene.cpp
     1>e:\hk5\[closed]nmpt game\game tham khao\castlevania-22.8-v6(semi final)\castlevania\scene.h(4): fatal error C1083: Cannot open include file: 'd3dx9.h': No such file or directory
         dsutil.cpp
     1>e:\hk5\[closed]nmpt game\game tham khao\castlevania-22.8-v6(semi final)\castlevania\dsutil.cpp(13): fatal error C1083: Cannot open include file: 'dxerr.h': No such file or directory
         DragonSkullCannon.cpp
     1>e:\hk5\[closed]nmpt game\game tham khao\castlevania-22.8-v6(semi final)\castlevania\csprite.h(5): fatal error C1083: Cannot open include file: 'd3dx9.h': No such file or directory
         Door.cpp
     1>e:\hk5\[closed]nmpt game\game tham khao\castlevania-22.8-v6(semi final)\castlevania\csprite.h(5): fatal error C1083: Cannot open include file: 'd3dx9.h': No such file or directory
         Dagger.cpp
     1>e:\hk5\[closed]nmpt game\game tham khao\castlevania-22.8-v6(semi final)\castlevania\csprite.h(5): fatal error C1083: Cannot open include file: 'd3dx9.h': No such file or directory
         CCamera.cpp
     1>e:\hk5\[closed]nmpt game\game tham khao\castlevania-22.8-v6(semi final)\castlevania\global.h(15): fatal error C1083: Cannot open include file: 'd3dx9.h': No such file or directory
         CAudio.cpp
     1>e:\hk5\[closed]nmpt game\game tham khao\castlevania-22.8-v6(semi final)\castlevania\global.h(15): fatal error C1083: Cannot open include file: 'd3dx9.h': No such file or directory
         CastleGate.cpp
     1>e:\hk5\[closed]nmpt game\game tham khao\castlevania-22.8-v6(semi final)\castlevania\csprite.h(5): fatal error C1083: Cannot open include file: 'd3dx9.h': No such file or directory
         Candle.cpp
     1>e:\hk5\[closed]nmpt game\game tham khao\castlevania-22.8-v6(semi final)\castlevania\csprite.h(5): fatal error C1083: Cannot open include file: 'd3dx9.h': No such file or directory
         Boomerang.cpp
     1>e:\hk5\[closed]nmpt game\game tham khao\castlevania-22.8-v6(semi final)\castlevania\csprite.h(5): fatal error C1083: Cannot open include file: 'd3dx9.h': No such file or directory
         BlackLeopard.cpp
     1>e:\hk5\[closed]nmpt game\game tham khao\castlevania-22.8-v6(semi final)\castlevania\csprite.h(5): fatal error C1083: Cannot open include file: 'd3dx9.h': No such file or directory
         BlackKnight.cpp
     1>e:\hk5\[closed]nmpt game\game tham khao\castlevania-22.8-v6(semi final)\castlevania\csprite.h(5): fatal error C1083: Cannot open include file: 'd3dx9.h': No such file or directory
         Axe.cpp
     1>e:\hk5\[closed]nmpt game\game tham khao\castlevania-22.8-v6(semi final)\castlevania\csprite.h(5): fatal error C1083: Cannot open include file: 'd3dx9.h': No such file or directory
         Generating Code...
     1>Done Building Project "E:\HK5\[Closed]NMPT Game\Game tham khao\CastleVania-22.8-v6(Semi Final)\CastleVania\CastleVania.vcxproj" (Build target(s)) -- FAILED.

Build FAILED.

Time Elapsed 00:00:38.00
