Build started 10/3/2015 7:06:37 PM.
     1>Project "C:\Users\phanb\Desktop\_Game\Game\Demo\Nhap Mon Game\Rockman_ver4\Rockman_ver4\Rockman_ver4\Rockman_ver4.vcxproj" on node 2 (Build target(s)).
     1>ClCompile:
         C:\Program Files (x86)\Microsoft Visual Studio 12.0\VC\bin\CL.exe /c /ZI /nologo /W3 /WX- /sdl /Od /Oy- /D WIN32 /D _DEBUG /D _CONSOLE /D _LIB /D _MBCS /Gm /EHsc /RTC1 /MDd /GS /fp:precise /Zc:wchar_t /Zc:forScope /Fo"Debug\\" /Fd"Debug\vc120.pdb" /Gd /TP /analyze- /errorReport:prompt Animation.cpp Camera.cpp Device.cpp DynamicObject.cpp Game.cpp GameObject.cpp GameRockman.cpp Input.cpp Main.cpp Rockman.cpp Sprite.cpp State.cpp StateMain.cpp StateManagement.cpp Texture.cpp ViewWindows.cpp
         ViewWindows.cpp
     1>c:\users\phanb\desktop\_game\game\demo\nhap mon game\rockman_ver4\rockman_ver4\rockman_ver4\include.h(4): fatal error C1083: Cannot open include file: 'd3dx9.h': No such file or directory
         Texture.cpp
     1>c:\users\phanb\desktop\_game\game\demo\nhap mon game\rockman_ver4\rockman_ver4\rockman_ver4\include.h(4): fatal error C1083: Cannot open include file: 'd3dx9.h': No such file or directory
         StateManagement.cpp
     1>c:\users\phanb\desktop\_game\game\demo\nhap mon game\rockman_ver4\rockman_ver4\rockman_ver4\include.h(4): fatal error C1083: Cannot open include file: 'd3dx9.h': No such file or directory
         StateMain.cpp
     1>c:\users\phanb\desktop\_game\game\demo\nhap mon game\rockman_ver4\rockman_ver4\rockman_ver4\include.h(4): fatal error C1083: Cannot open include file: 'd3dx9.h': No such file or directory
         State.cpp
         Sprite.cpp
     1>c:\users\phanb\desktop\_game\game\demo\nhap mon game\rockman_ver4\rockman_ver4\rockman_ver4\include.h(4): fatal error C1083: Cannot open include file: 'd3dx9.h': No such file or directory
         Rockman.cpp
         Main.cpp
     1>c:\users\phanb\desktop\_game\game\demo\nhap mon game\rockman_ver4\rockman_ver4\rockman_ver4\include.h(4): fatal error C1083: Cannot open include file: 'd3dx9.h': No such file or directory
         Input.cpp
     1>c:\users\phanb\desktop\_game\game\demo\nhap mon game\rockman_ver4\rockman_ver4\rockman_ver4\include.h(4): fatal error C1083: Cannot open include file: 'd3dx9.h': No such file or directory
         GameRockman.cpp
     1>c:\users\phanb\desktop\_game\game\demo\nhap mon game\rockman_ver4\rockman_ver4\rockman_ver4\include.h(4): fatal error C1083: Cannot open include file: 'd3dx9.h': No such file or directory
         GameObject.cpp
     1>c:\users\phanb\desktop\_game\game\demo\nhap mon game\rockman_ver4\rockman_ver4\rockman_ver4\include.h(4): fatal error C1083: Cannot open include file: 'd3dx9.h': No such file or directory
         Game.cpp
     1>c:\users\phanb\desktop\_game\game\demo\nhap mon game\rockman_ver4\rockman_ver4\rockman_ver4\include.h(4): fatal error C1083: Cannot open include file: 'd3dx9.h': No such file or directory
         DynamicObject.cpp
     1>c:\users\phanb\desktop\_game\game\demo\nhap mon game\rockman_ver4\rockman_ver4\rockman_ver4\include.h(4): fatal error C1083: Cannot open include file: 'd3dx9.h': No such file or directory
         Device.cpp
     1>c:\users\phanb\desktop\_game\game\demo\nhap mon game\rockman_ver4\rockman_ver4\rockman_ver4\include.h(4): fatal error C1083: Cannot open include file: 'd3dx9.h': No such file or directory
         Camera.cpp
         Animation.cpp
     1>c:\users\phanb\desktop\_game\game\demo\nhap mon game\rockman_ver4\rockman_ver4\rockman_ver4\include.h(4): fatal error C1083: Cannot open include file: 'd3dx9.h': No such file or directory
         Generating Code...
     1>Done Building Project "C:\Users\phanb\Desktop\_Game\Game\Demo\Nhap Mon Game\Rockman_ver4\Rockman_ver4\Rockman_ver4\Rockman_ver4.vcxproj" (Build target(s)) -- FAILED.

Build FAILED.

Time Elapsed 00:00:12.72
